TN:
SF:src/util.js
FN:7,checkIsEmpty
FN:17,invalidNumber
FN:29,add
FN:40,operation
FN:62,maxNumber
FN:84,square
FN:93,areaOfCircle
FN:105,simpleinterest
FN:118,printCounting
FN:134,generateOTP
FN:147,checkNumber
FN:157,checkPveNve
FN:178,isDivisibleby7
FN:188,addDigit
FN:203,squareOf
FN:218,reverse
FN:228,exponents
FN:241,primeNumber
FN:254,checkLeapYear
FN:263,checkEmail
FN:274,checkUrl
FN:284,checkZipcode
FN:295,phoneNumber
FN:306,checkName
FNF:24
FNH:8
FNDA:4,checkIsEmpty
FNDA:2,invalidNumber
FNDA:1,add
FNDA:4,operation
FNDA:2,maxNumber
FNDA:2,square
FNDA:1,areaOfCircle
FNDA:2,simpleinterest
FNDA:0,printCounting
FNDA:0,generateOTP
FNDA:0,checkNumber
FNDA:0,checkPveNve
FNDA:0,isDivisibleby7
FNDA:0,addDigit
FNDA:0,squareOf
FNDA:0,reverse
FNDA:0,exponents
FNDA:0,primeNumber
FNDA:0,checkLeapYear
FNDA:0,checkEmail
FNDA:0,checkUrl
FNDA:0,checkZipcode
FNDA:0,phoneNumber
FNDA:0,checkName
DA:8,4
DA:18,2
DA:19,2
DA:30,1
DA:41,4
DA:42,3
DA:43,3
DA:44,3
DA:45,1
DA:47,2
DA:48,1
DA:50,1
DA:51,1
DA:53,0
DA:63,2
DA:64,2
DA:65,1
DA:67,2
DA:68,2
DA:69,6
DA:70,1
DA:72,6
DA:73,2
DA:76,2
DA:85,2
DA:94,1
DA:95,1
DA:106,2
DA:107,1
DA:108,1
DA:109,1
DA:119,0
DA:120,0
DA:121,0
DA:122,0
DA:123,0
DA:125,0
DA:135,0
DA:136,0
DA:137,0
DA:138,0
DA:139,0
DA:148,0
DA:158,0
DA:159,0
DA:161,0
DA:162,0
DA:164,0
DA:165,0
DA:167,0
DA:168,0
DA:170,0
DA:179,0
DA:180,0
DA:189,0
DA:190,0
DA:191,0
DA:192,0
DA:193,0
DA:195,0
DA:204,0
DA:205,0
DA:206,0
DA:207,0
DA:208,0
DA:210,0
DA:219,0
DA:229,0
DA:230,0
DA:231,0
DA:233,0
DA:242,0
DA:243,0
DA:244,0
DA:246,0
DA:255,0
DA:264,0
DA:265,0
DA:266,0
DA:275,0
DA:276,0
DA:277,0
DA:285,0
DA:286,0
DA:287,0
DA:296,0
DA:297,0
DA:298,0
DA:307,0
DA:308,0
DA:309,0
LF:91
LH:30
BRDA:18,0,0,0
BRDA:18,0,1,2
BRDA:41,1,0,1
BRDA:41,1,1,3
BRDA:41,2,0,4
BRDA:41,2,1,3
BRDA:44,3,0,1
BRDA:44,3,1,2
BRDA:47,4,0,1
BRDA:47,4,1,1
BRDA:50,5,0,1
BRDA:50,5,1,0
BRDA:64,6,0,1
BRDA:64,6,1,1
BRDA:69,7,0,1
BRDA:69,7,1,5
BRDA:69,8,0,6
BRDA:69,8,1,3
BRDA:72,9,0,2
BRDA:72,9,1,4
BRDA:72,10,0,6
BRDA:72,10,1,3
BRDA:106,11,0,1
BRDA:106,11,1,1
BRDA:119,12,0,0
BRDA:119,12,1,0
BRDA:120,13,0,0
BRDA:120,13,1,0
BRDA:135,14,0,0
BRDA:135,14,1,0
BRDA:148,15,0,0
BRDA:148,15,1,0
BRDA:158,16,0,0
BRDA:158,16,1,0
BRDA:159,17,0,0
BRDA:159,17,1,0
BRDA:161,18,0,0
BRDA:161,18,1,0
BRDA:164,19,0,0
BRDA:164,19,1,0
BRDA:167,20,0,0
BRDA:167,20,1,0
BRDA:179,21,0,0
BRDA:179,21,1,0
BRDA:179,22,0,0
BRDA:179,22,1,0
BRDA:242,23,0,0
BRDA:242,23,1,0
BRDA:242,24,0,0
BRDA:242,24,1,0
BRDA:244,25,0,0
BRDA:244,25,1,0
BRDA:255,26,0,0
BRDA:255,26,1,0
BRDA:264,27,0,0
BRDA:264,27,1,0
BRDA:275,28,0,0
BRDA:275,28,1,0
BRDA:285,29,0,0
BRDA:285,29,1,0
BRDA:296,30,0,0
BRDA:296,30,1,0
BRDA:307,31,0,0
BRDA:307,31,1,0
BRF:64
BRH:22
end_of_record
