TN:
SF:src\util.js
FN:7,checkIsEmpty
FN:17,invalidNumber
FN:29,add
FN:40,operation
FN:62,maxNumber
FN:84,square
FN:93,areaOfCircle
FN:105,simpleinterest
FN:118,printCounting
FN:134,generateOTP
FN:147,checkNumber
FN:163,checkPveNve
FN:184,isDivisibleby7
FN:194,addDigit
FN:209,squareOf
FN:224,reverse
FN:234,exponents
FN:247,primeNumber
FN:260,checkLeapYear
FN:269,checkEmail
FN:280,checkUrl
FN:290,checkZipcode
FN:301,phoneNumber
FN:312,checkName
FNF:24
FNH:8
FNDA:4,checkIsEmpty
FNDA:2,invalidNumber
FNDA:1,add
FNDA:4,operation
FNDA:2,maxNumber
FNDA:2,square
FNDA:1,areaOfCircle
FNDA:2,simpleinterest
FNDA:0,printCounting
FNDA:0,generateOTP
FNDA:0,checkNumber
FNDA:0,checkPveNve
FNDA:0,isDivisibleby7
FNDA:0,addDigit
FNDA:0,squareOf
FNDA:0,reverse
FNDA:0,exponents
FNDA:0,primeNumber
FNDA:0,checkLeapYear
FNDA:0,checkEmail
FNDA:0,checkUrl
FNDA:0,checkZipcode
FNDA:0,phoneNumber
FNDA:0,checkName
DA:8,4
DA:18,2
DA:19,2
DA:30,1
DA:41,4
DA:42,3
DA:43,3
DA:44,3
DA:45,1
DA:47,2
DA:48,1
DA:50,1
DA:51,1
DA:53,0
DA:63,2
DA:64,2
DA:65,1
DA:67,2
DA:68,2
DA:69,6
DA:70,1
DA:72,6
DA:73,2
DA:76,2
DA:85,2
DA:94,1
DA:95,1
DA:106,2
DA:107,1
DA:108,1
DA:109,1
DA:119,0
DA:120,0
DA:121,0
DA:122,0
DA:123,0
DA:125,0
DA:135,0
DA:136,0
DA:137,0
DA:138,0
DA:139,0
DA:148,0
DA:149,0
DA:151,0
DA:152,0
DA:154,0
DA:164,0
DA:165,0
DA:167,0
DA:168,0
DA:170,0
DA:171,0
DA:173,0
DA:174,0
DA:176,0
DA:185,0
DA:186,0
DA:195,0
DA:196,0
DA:197,0
DA:198,0
DA:199,0
DA:201,0
DA:210,0
DA:211,0
DA:212,0
DA:213,0
DA:214,0
DA:216,0
DA:225,0
DA:235,0
DA:236,0
DA:237,0
DA:239,0
DA:248,0
DA:249,0
DA:250,0
DA:252,0
DA:261,0
DA:270,0
DA:271,0
DA:272,0
DA:281,0
DA:282,0
DA:283,0
DA:291,0
DA:292,0
DA:293,0
DA:302,0
DA:303,0
DA:304,0
DA:313,0
DA:314,0
DA:315,0
LF:95
LH:30
BRDA:18,0,0,0
BRDA:18,0,1,2
BRDA:41,1,0,1
BRDA:41,1,1,3
BRDA:41,2,0,4
BRDA:41,2,1,3
BRDA:44,3,0,1
BRDA:44,3,1,2
BRDA:47,4,0,1
BRDA:47,4,1,1
BRDA:50,5,0,1
BRDA:50,5,1,0
BRDA:64,6,0,1
BRDA:64,6,1,1
BRDA:69,7,0,1
BRDA:69,7,1,5
BRDA:69,8,0,6
BRDA:69,8,1,3
BRDA:72,9,0,2
BRDA:72,9,1,4
BRDA:72,10,0,6
BRDA:72,10,1,3
BRDA:106,11,0,1
BRDA:106,11,1,1
BRDA:119,12,0,0
BRDA:119,12,1,0
BRDA:120,13,0,0
BRDA:120,13,1,0
BRDA:135,14,0,0
BRDA:135,14,1,0
BRDA:148,15,0,0
BRDA:148,15,1,0
BRDA:151,16,0,0
BRDA:151,16,1,0
BRDA:164,17,0,0
BRDA:164,17,1,0
BRDA:165,18,0,0
BRDA:165,18,1,0
BRDA:167,19,0,0
BRDA:167,19,1,0
BRDA:170,20,0,0
BRDA:170,20,1,0
BRDA:173,21,0,0
BRDA:173,21,1,0
BRDA:185,22,0,0
BRDA:185,22,1,0
BRDA:185,23,0,0
BRDA:185,23,1,0
BRDA:248,24,0,0
BRDA:248,24,1,0
BRDA:248,25,0,0
BRDA:248,25,1,0
BRDA:250,26,0,0
BRDA:250,26,1,0
BRDA:261,27,0,0
BRDA:261,27,1,0
BRDA:270,28,0,0
BRDA:270,28,1,0
BRDA:281,29,0,0
BRDA:281,29,1,0
BRDA:291,30,0,0
BRDA:291,30,1,0
BRDA:302,31,0,0
BRDA:302,31,1,0
BRDA:313,32,0,0
BRDA:313,32,1,0
BRF:66
BRH:22
end_of_record
